app/build/intermediates/manifest_merge_blame_file/debug/processDebugMainManifest/manifest-merger-blame-debug-report.txt
1<?xml version="1.0" encoding="utf-8"?>
2<manifest xmlns:android="http://schemas.android.com/apk/res/android"
3    package="com.taskbar.app"
4    android:versionCode="1"
5    android:versionName="1.0" >
6
7    <uses-sdk
8        android:minSdkVersion="26"
9        android:targetSdkVersion="35" />
10
11    <!-- Overlay permission -->
12    <uses-permission android:name="android.permission.SYSTEM_ALERT_WINDOW" />
12-->src/main/AndroidManifest.xml:5:5-78
12-->src/main/AndroidManifest.xml:5:22-75
13    <!-- List all installed apps -->
14    <uses-permission android:name="android.permission.QUERY_ALL_PACKAGES" />
14-->src/main/AndroidManifest.xml:7:5-77
14-->src/main/AndroidManifest.xml:7:22-74
15    <!-- Keep overlay service alive -->
16    <uses-permission android:name="android.permission.FOREGROUND_SERVICE" />
16-->src/main/AndroidManifest.xml:9:5-77
16-->src/main/AndroidManifest.xml:9:22-74
17    <uses-permission android:name="android.permission.FOREGROUND_SERVICE_SPECIAL_USE" />
17-->src/main/AndroidManifest.xml:10:5-89
17-->src/main/AndroidManifest.xml:10:22-86
18    <!-- Quick controls -->
19    <uses-permission android:name="android.permission.CAMERA" />
19-->src/main/AndroidManifest.xml:12:5-65
19-->src/main/AndroidManifest.xml:12:22-62
20    <uses-permission android:name="android.permission.CHANGE_AUDIO_SETTINGS" />
20-->src/main/AndroidManifest.xml:13:5-80
20-->src/main/AndroidManifest.xml:13:22-77
21    <uses-permission android:name="android.permission.WRITE_SETTINGS" />
21-->src/main/AndroidManifest.xml:14:5-73
21-->src/main/AndroidManifest.xml:14:22-70
22    <uses-permission android:name="android.permission.POST_NOTIFICATIONS" />
22-->src/main/AndroidManifest.xml:15:5-77
22-->src/main/AndroidManifest.xml:15:22-74
23    <uses-permission android:name="android.permission.RECEIVE_BOOT_COMPLETED" />
23-->src/main/AndroidManifest.xml:16:5-81
23-->src/main/AndroidManifest.xml:16:22-78
24
25    <uses-feature
25-->src/main/AndroidManifest.xml:18:5-91
26        android:name="android.hardware.camera.flash"
26-->src/main/AndroidManifest.xml:18:19-63
27        android:required="false" />
27-->src/main/AndroidManifest.xml:18:64-88
28
29    <permission
29-->[androidx.core:core:1.15.0] AndroidManifest.xml:22:5-24:47
30        android:name="com.taskbar.app.DYNAMIC_RECEIVER_NOT_EXPORTED_PERMISSION"
30-->[androidx.core:core:1.15.0] AndroidManifest.xml:23:9-81
31        android:protectionLevel="signature" />
31-->[androidx.core:core:1.15.0] AndroidManifest.xml:24:9-44
32
33    <uses-permission android:name="com.taskbar.app.DYNAMIC_RECEIVER_NOT_EXPORTED_PERMISSION" />
33-->[androidx.core:core:1.15.0] AndroidManifest.xml:26:5-97
33-->[androidx.core:core:1.15.0] AndroidManifest.xml:26:22-94
34
35    <application
35-->src/main/AndroidManifest.xml:20:5-69:19
36        android:name="com.taskbar.app.TaskBarApplication"
36-->src/main/AndroidManifest.xml:21:9-43
37        android:allowBackup="true"
37-->src/main/AndroidManifest.xml:22:9-35
38        android:appComponentFactory="androidx.core.app.CoreComponentFactory"
38-->[androidx.core:core:1.15.0] AndroidManifest.xml:28:18-86
39        android:debuggable="true"
40        android:extractNativeLibs="false"
41        android:icon="@mipmap/ic_launcher"
41-->src/main/AndroidManifest.xml:23:9-43
42        android:label="@string/app_name"
42-->src/main/AndroidManifest.xml:24:9-41
43        android:roundIcon="@mipmap/ic_launcher_round"
43-->src/main/AndroidManifest.xml:25:9-54
44        android:supportsRtl="true"
44-->src/main/AndroidManifest.xml:26:9-35
45        android:theme="@style/Theme.TaskBar" >
45-->src/main/AndroidManifest.xml:27:9-45
46        <activity
46-->src/main/AndroidManifest.xml:29:9-37:20
47            android:name="com.taskbar.app.MainActivity"
47-->src/main/AndroidManifest.xml:30:13-41
48            android:exported="true"
48-->src/main/AndroidManifest.xml:31:13-36
49            android:windowSoftInputMode="adjustResize" >
49-->src/main/AndroidManifest.xml:32:13-55
50            <intent-filter>
50-->src/main/AndroidManifest.xml:33:13-36:29
51                <action android:name="android.intent.action.MAIN" />
51-->src/main/AndroidManifest.xml:34:17-69
51-->src/main/AndroidManifest.xml:34:25-66
52
53                <category android:name="android.intent.category.LAUNCHER" />
53-->src/main/AndroidManifest.xml:35:17-77
53-->src/main/AndroidManifest.xml:35:27-74
54            </intent-filter>
55        </activity>
56
57        <service
57-->src/main/AndroidManifest.xml:39:9-46:19
58            android:name="com.taskbar.app.service.OverlayService"
58-->src/main/AndroidManifest.xml:40:13-51
59            android:exported="false"
59-->src/main/AndroidManifest.xml:41:13-37
60            android:foregroundServiceType="specialUse" >
60-->src/main/AndroidManifest.xml:42:13-55
61            <property
61-->src/main/AndroidManifest.xml:43:13-45:59
62                android:name="android.app.PROPERTY_SPECIAL_USE_FGS_SUBTYPE"
62-->src/main/AndroidManifest.xml:44:17-76
63                android:value="TaskBar overlay service" />
63-->src/main/AndroidManifest.xml:45:17-56
64        </service>
65        <service
65-->src/main/AndroidManifest.xml:48:9-59:19
66            android:name="com.taskbar.app.service.TaskBarAccessibilityService"
66-->src/main/AndroidManifest.xml:49:13-64
67            android:exported="true"
67-->src/main/AndroidManifest.xml:50:13-36
68            android:label="@string/accessibility_service_label"
68-->src/main/AndroidManifest.xml:51:13-64
69            android:permission="android.permission.BIND_ACCESSIBILITY_SERVICE" >
69-->src/main/AndroidManifest.xml:52:13-79
70            <intent-filter>
70-->src/main/AndroidManifest.xml:53:13-55:29
71                <action android:name="android.accessibilityservice.AccessibilityService" />
71-->src/main/AndroidManifest.xml:54:17-92
71-->src/main/AndroidManifest.xml:54:25-89
72            </intent-filter>
73
74            <meta-data
74-->src/main/AndroidManifest.xml:56:13-58:72
75                android:name="android.accessibilityservice"
75-->src/main/AndroidManifest.xml:57:17-60
76                android:resource="@xml/accessibility_service_config" />
76-->src/main/AndroidManifest.xml:58:17-69
77        </service>
78
79        <receiver
79-->src/main/AndroidManifest.xml:61:9-67:20
80            android:name="com.taskbar.app.service.BootReceiver"
80-->src/main/AndroidManifest.xml:62:13-49
81            android:exported="true" >
81-->src/main/AndroidManifest.xml:63:13-36
82            <intent-filter>
82-->src/main/AndroidManifest.xml:64:13-66:29
83                <action android:name="android.intent.action.BOOT_COMPLETED" />
83-->src/main/AndroidManifest.xml:65:17-79
83-->src/main/AndroidManifest.xml:65:25-76
84            </intent-filter>
85        </receiver>
86
87        <activity
87-->[androidx.compose.ui:ui-tooling-android:1.7.6] AndroidManifest.xml:23:9-25:39
88            android:name="androidx.compose.ui.tooling.PreviewActivity"
88-->[androidx.compose.ui:ui-tooling-android:1.7.6] AndroidManifest.xml:24:13-71
89            android:exported="true" />
89-->[androidx.compose.ui:ui-tooling-android:1.7.6] AndroidManifest.xml:25:13-36
90
91        <provider
91-->[androidx.emoji2:emoji2:1.3.0] AndroidManifest.xml:24:9-32:20
92            android:name="androidx.startup.InitializationProvider"
92-->[androidx.emoji2:emoji2:1.3.0] AndroidManifest.xml:25:13-67
93            android:authorities="com.taskbar.app.androidx-startup"
93-->[androidx.emoji2:emoji2:1.3.0] AndroidManifest.xml:26:13-68
94            android:exported="false" >
94-->[androidx.emoji2:emoji2:1.3.0] AndroidManifest.xml:27:13-37
95            <meta-data
95-->[androidx.emoji2:emoji2:1.3.0] AndroidManifest.xml:29:13-31:52
96                android:name="androidx.emoji2.text.EmojiCompatInitializer"
96-->[androidx.emoji2:emoji2:1.3.0] AndroidManifest.xml:30:17-75
97                android:value="androidx.startup" />
97-->[androidx.emoji2:emoji2:1.3.0] AndroidManifest.xml:31:17-49
98            <meta-data
98-->[androidx.lifecycle:lifecycle-process:2.8.7] AndroidManifest.xml:29:13-31:52
99                android:name="androidx.lifecycle.ProcessLifecycleInitializer"
99-->[androidx.lifecycle:lifecycle-process:2.8.7] AndroidManifest.xml:30:17-78
100                android:value="androidx.startup" />
100-->[androidx.lifecycle:lifecycle-process:2.8.7] AndroidManifest.xml:31:17-49
101            <meta-data
101-->[androidx.profileinstaller:profileinstaller:1.4.0] AndroidManifest.xml:29:13-31:52
102                android:name="androidx.profileinstaller.ProfileInstallerInitializer"
102-->[androidx.profileinstaller:profileinstaller:1.4.0] AndroidManifest.xml:30:17-85
103                android:value="androidx.startup" />
103-->[androidx.profileinstaller:profileinstaller:1.4.0] AndroidManifest.xml:31:17-49
104        </provider>
105
106        <receiver
106-->[androidx.profileinstaller:profileinstaller:1.4.0] AndroidManifest.xml:34:9-52:20
107            android:name="androidx.profileinstaller.ProfileInstallReceiver"
107-->[androidx.profileinstaller:profileinstaller:1.4.0] AndroidManifest.xml:35:13-76
108            android:directBootAware="false"
108-->[androidx.profileinstaller:profileinstaller:1.4.0] AndroidManifest.xml:36:13-44
109            android:enabled="true"
109-->[androidx.profileinstaller:profileinstaller:1.4.0] AndroidManifest.xml:37:13-35
110            android:exported="true"
110-->[androidx.profileinstaller:profileinstaller:1.4.0] AndroidManifest.xml:38:13-36
111            android:permission="android.permission.DUMP" >
111-->[androidx.profileinstaller:profileinstaller:1.4.0] AndroidManifest.xml:39:13-57
112            <intent-filter>
112-->[androidx.profileinstaller:profileinstaller:1.4.0] AndroidManifest.xml:40:13-42:29
113                <action android:name="androidx.profileinstaller.action.INSTALL_PROFILE" />
113-->[androidx.profileinstaller:profileinstaller:1.4.0] AndroidManifest.xml:41:17-91
113-->[androidx.profileinstaller:profileinstaller:1.4.0] AndroidManifest.xml:41:25-88
114            </intent-filter>
115            <intent-filter>
115-->[androidx.profileinstaller:profileinstaller:1.4.0] AndroidManifest.xml:43:13-45:29
116                <action android:name="androidx.profileinstaller.action.SKIP_FILE" />
116-->[androidx.profileinstaller:profileinstaller:1.4.0] AndroidManifest.xml:44:17-85
116-->[androidx.profileinstaller:profileinstaller:1.4.0] AndroidManifest.xml:44:25-82
117            </intent-filter>
118            <intent-filter>
118-->[androidx.profileinstaller:profileinstaller:1.4.0] AndroidManifest.xml:46:13-48:29
119                <action android:name="androidx.profileinstaller.action.SAVE_PROFILE" />
119-->[androidx.profileinstaller:profileinstaller:1.4.0] AndroidManifest.xml:47:17-88
119-->[androidx.profileinstaller:profileinstaller:1.4.0] AndroidManifest.xml:47:25-85
120            </intent-filter>
121            <intent-filter>
121-->[androidx.profileinstaller:profileinstaller:1.4.0] AndroidManifest.xml:49:13-51:29
122                <action android:name="androidx.profileinstaller.action.BENCHMARK_OPERATION" />
122-->[androidx.profileinstaller:profileinstaller:1.4.0] AndroidManifest.xml:50:17-95
122-->[androidx.profileinstaller:profileinstaller:1.4.0] AndroidManifest.xml:50:25-92
123            </intent-filter>
124        </receiver>
125    </application>
126
127</manifest>